{"target": -4079.0029111242916, "params": {"kd_alt": 0.3745401813933506, "kd_att": 190.1921469755733, "kd_pos": 0.7319939686120109, "ki_alt": 0.5986585243311882, "ki_att": 0.1560187248405725, "ki_pos": 0.15599460473675061, "kp_alt": 0.05808370635983825, "kp_att": 173.3690530092121, "kp_pos": 0.6011150516317076}, "datetime": {"datetime": "2025-07-23 14:25:38", "elapsed": 0.0, "delta": 0.0}}
{"target": -4617.846001876055, "params": {"kd_alt": 0.7080726069887877, "kd_att": 5.096314364864687, "kd_pos": 0.9699098551710091, "ki_alt": 0.8324426575561577, "ki_att": 0.2123391894443651, "ki_pos": 0.18182504902460392, "kp_alt": 0.18340459151298286, "kp_att": 61.54420634894801, "kp_pos": 0.5247564791565946}, "datetime": {"datetime": "2025-07-23 14:26:01", "elapsed": 23.604945, "delta": 23.604945}}
{"target": -637.3664948663601, "params": {"kd_alt": 0.4319450754476139, "kd_att": 58.95459889941034, "kd_pos": 0.61185293353709, "ki_alt": 0.13949394670265577, "ki_att": 0.2921447193207533, "ki_pos": 0.3663619066575074, "kp_alt": 0.45607003861003753, "kp_att": 157.2500163172097, "kp_pos": 0.19967386219098154}, "datetime": {"datetime": "2025-07-23 14:26:25", "elapsed": 47.199777, "delta": 23.594832}}
{"target": -1463.0111440603637, "params": {"kd_alt": 0.5142344869901677, "kd_att": 118.89049920354645, "kd_pos": 0.04645050807495646, "ki_alt": 0.6075448911469532, "ki_att": 0.17052420663487916, "ki_pos": 0.06505168648012022, "kp_alt": 0.9488855423647795, "kp_att": 193.1607745818373, "kp_pos": 0.8083973672767263}, "datetime": {"datetime": "2025-07-23 14:26:49", "elapsed": 70.750267, "delta": 23.55049}}
{"target": -3536.5630804623074, "params": {"kd_alt": 0.30461383871199377, "kd_att": 20.43675068727039, "kd_pos": 0.6842330580888543, "ki_alt": 0.44015254972435197, "ki_att": 0.12203832264095535, "ki_pos": 0.4951769605935792, "kp_alt": 0.034388617676366286, "kp_att": 181.95476001367763, "kp_pos": 0.2587800557220188}, "datetime": {"datetime": "2025-07-23 14:27:12", "elapsed": 94.2546, "delta": 23.504333}}
{"target": -3643.677408326406, "params": {"kd_alt": 0.5052328989992727, "kd_att": 57.97298619736332, "kd_pos": 0.6008378747323012, "ki_alt": 0.42830703708021306, "ki_att": 0.3066656569433683, "ki_pos": 0.2500377132791716, "kp_alt": 0.18249869594775342, "kp_att": 156.79298392156372, "kp_pos": 0.22220001487365235}, "datetime": {"datetime": "2025-07-23 14:27:36", "elapsed": 117.995909, "delta": 23.741309}}
{"target": -500.12244824276405, "params": {"kd_alt": 0.7606742749692015, "kd_att": 145.71413410224562, "kd_pos": 0.6284453137487735, "ki_alt": 0.07544740296440451, "ki_att": 0.2827163541558183, "ki_pos": 0.4278811866353665, "kp_alt": 0.02342694451992874, "kp_att": 193.4780252897429, "kp_pos": 0.21035396701766176}, "datetime": {"datetime": "2025-07-23 14:28:00", "elapsed": 142.143482, "delta": 24.147573}}
{"target": -6248.681422935633, "params": {"kd_alt": 0.43819560507956884, "kd_att": 190.84432017808493, "kd_pos": 0.18467042592256852, "ki_alt": 0.9340595724082269, "ki_att": 0.44241273045459956, "ki_pos": 0.26059533458624695, "kp_alt": 0.6078755174076411, "kp_att": 81.37123885276193, "kp_pos": 0.3979067170014054}, "datetime": {"datetime": "2025-07-23 14:28:24", "elapsed": 166.172083, "delta": 24.028601}}
{"target": -490.7887670955808, "params": {"kd_alt": 0.12603721871836082, "kd_att": 49.63035257709499, "kd_pos": 0.7607510565104976, "ki_alt": 0.027433369338943768, "ki_att": 0.8309198803536483, "ki_pos": 0.17247645747085585, "kp_alt": 0.8634296142134958, "kp_att": 34.052560027283505, "kp_pos": 0.3452655449087201}, "datetime": {"datetime": "2025-07-23 14:28:48", "elapsed": 190.142352, "delta": 23.970269}}
{"target": -6026.100509480064, "params": {"kd_alt": 0.9656192612672809, "kd_att": 129.04757317527992, "kd_pos": 0.3214656624377193, "ki_alt": 0.759755774128398, "ki_att": 0.1214576713417751, "ki_pos": 0.400734065412402, "kp_alt": 0.9419159700419947, "kp_att": 44.785068424122976, "kp_pos": 0.34012929591102914}, "datetime": {"datetime": "2025-07-23 14:29:12", "elapsed": 213.967449, "delta": 23.825097}}
{"target": -2158.7717161449445, "params": {"kd_alt": 0.8887279439633834, "kd_att": 83.95392258372307, "kd_pos": 0.01628205642982588, "ki_alt": 0.08256323992344093, "ki_att": 0.9080814251074129, "ki_pos": 0.5610771841696337, "kp_alt": 0.754796030442873, "kp_att": 195.77212798614062, "kp_pos": 0.02301609800300024}, "datetime": {"datetime": "2025-07-23 14:29:36", "elapsed": 237.738471, "delta": 23.771022}}
{"target": -3707.2773630281554, "params": {"kd_alt": 0.14423192517319858, "kd_att": 53.76232858510512, "kd_pos": 0.9729444166034809, "ki_alt": 0.967349529592314, "ki_att": 0.6302739654071798, "ki_pos": 0.10789456766058614, "kp_alt": 0.8685369775979161, "kp_att": 3.3864230161018045, "kp_pos": 0.9186403957952975}, "datetime": {"datetime": "2025-07-23 14:29:59", "elapsed": 261.551389, "delta": 23.812918}}
{"target": -2538.5380720879307, "params": {"kd_alt": 0.4358284801388634, "kd_att": 197.3687510308985, "kd_pos": 0.010429186548821575, "ki_alt": 0.7734022496996067, "ki_att": 0.9504355441660401, "ki_pos": 0.7698939992089611, "kp_alt": 0.8615260795416476, "kp_att": 135.1666977569924, "kp_pos": 0.07547566414933729}, "datetime": {"datetime": "2025-07-23 14:30:23", "elapsed": 285.255187, "delta": 23.703798}}
{"target": -3485.661454588446, "params": {"kd_alt": 0.4811915393113414, "kd_att": 182.73771394381365, "kd_pos": 0.6104601733566231, "ki_alt": 0.29813790007736835, "ki_att": 0.8308505567564797, "ki_pos": 0.6622613177549913, "kp_alt": 0.7879315684067463, "kp_att": 96.55259431804456, "kp_pos": 0.5055806586841729}, "datetime": {"datetime": "2025-07-23 14:30:47", "elapsed": 309.023194, "delta": 23.768007}}
{"target": -6427.615025627186, "params": {"kd_alt": 0.2092289659616288, "kd_att": 157.91476386079376, "kd_pos": 0.7590151567582837, "ki_alt": 0.791408593485646, "ki_att": 0.8682222277936001, "ki_pos": 0.6425105537362038, "kp_alt": 0.31380334066604354, "kp_att": 151.61430755609996, "kp_pos": 0.593525396974492}, "datetime": {"datetime": "2025-07-23 14:31:11", "elapsed": 332.76561, "delta": 23.742416}}
