{"target": -262.2828512692329, "params": {"k_pid_pos": [0.7, 0.01, 0.09], "k_pid_alt": [0.7, 0.0, 0.1], "k_pid_att": [20.0, 1.0, 0.01], "k_pid_yaw": [0.5, 1e-06, 0.1], "k_pid_hsp": [1.0, 0.01, 0.01], "k_pid_vsp": [150.0, 10.0, 1.0]}, "datetime": {"datetime": "2025-07-28 15:51:01", "elapsed": 14.704485893249512, "delta": 14.704485893249512}}
{"target": -1679.131429073973, "params": {"k_pid_pos": [0.6061695553391381, 0.6011154106281971, 0.5986986183486169], "k_pid_alt": [0.5102922471479012, 0.015600296039099928, 0.7490808631546062], "k_pid_att": [67.90873472525861, 581.7780380698264, 4.753571581335274], "k_pid_yaw": [0.5, 1e-06, 0.1], "k_pid_hsp": [8.326101981596214, 1.7323524253737246, 0.0731996621871987], "k_pid_vsp": [445.46743769349115, 21.242177625808786, 1.5601872484057249]}, "datetime": {"datetime": "2025-07-28 15:51:16", "elapsed": 29.95694065093994, "delta": 15.25245475769043}}
{"target": -5430.904192231861, "params": {"k_pid_pos": [0.7962072844310213, 0.36636247693184837, 0.43200182414025157], "k_pid_alt": [0.8925879806965068, 0.06118567761934323, 0.36680983630235775], "k_pid_att": [14.377327860006002, 1395.7991126597663, 1.5212119105554456], "k_pid_yaw": [0.5, 1e-06, 0.1], "k_pid_hsp": [5.1472020397519795, 0.5842900049257879, 0.05247611840679216], "k_pid_vsp": [188.25578416799567, 13.682100070441093, 2.912292110751279]}, "datetime": {"datetime": "2025-07-28 15:51:43", "elapsed": 56.641138553619385, "delta": 26.684197902679443}}
{"target": -4817.837265196418, "params": {"k_pid_pos": [0.954660201039391, 0.6842333422791304, 0.9488906486996079], "k_pid_alt": [0.5610191174223894, 0.080839926414298, 1.2150900962580249], "k_pid_att": [34.91479525273328, 3046.8330779645335, 0.852621447912334], "k_pid_yaw": [0.5, 1e-06, 0.1], "k_pid_hsp": [0.35354132594103177, 0.19534513034065373, 0.006506094246934967], "k_pid_vsp": [591.6819650400321, 13.204575372035544, 9.65632036511356]}, "datetime": {"datetime": "2025-07-28 15:52:10", "elapsed": 83.31231164932251, "delta": 26.671173095703125}}
{"target": -4981.577932126159, "params": {"k_pid_pos": [0.522613644455269, 0.8948274556002984, 0.5467556083153453], "k_pid_alt": [0.9609371175115584, 0.0969584931918281, 1.3250449061856795], "k_pid_att": [6.650228892608405, 7751.553100787784, 1.5585560687359785], "k_pid_yaw": [0.5, 1e-06, 0.1], "k_pid_hsp": [1.9678687955672607, 1.8789979436294366, 0.052007282049759906], "k_pid_vsp": [718.1276284502022, 17.936999766432574, 1.848545370400815]}, "datetime": {"datetime": "2025-07-28 15:52:37", "elapsed": 110.19781184196472, "delta": 26.885500192642212}}
{"target": -6016.721081002886, "params": {"k_pid_pos": [0.9077307142274171, 0.07455156912912714, 0.3568176513609199], "k_pid_alt": [0.8861223846483287, 0.054270065619741695, 0.7773551907016744], "k_pid_att": [14.310739866624981, 1410.1013255226517, 1.3567458875204477], "k_pid_yaw": [0.5, 1e-06, 0.1], "k_pid_hsp": [0.06516595006478797, 1.6043941593110986, 0.08287392217768379], "k_pid_vsp": [1443.0289533104726, 29.606608111128583, 2.8093458159392983]}, "datetime": {"datetime": "2025-07-28 15:53:04", "elapsed": 137.88862299919128, "delta": 27.690811157226562}}
{"target": -5340.37502794615, "params": {"k_pid_pos": [0.9436063712881633, 0.06355928672767334, 0.35852988197141816], "k_pid_alt": [0.6625916610133735, 0.08631047948413348, 1.4580146070748066], "k_pid_att": [51.207629394495456, 6233.3579701487515, 3.856351962159382], "k_pid_yaw": [0.5, 1e-06, 0.1], "k_pid_hsp": [6.379199138838579, 0.6617967188072735, 0.0074053911287573024], "k_pid_vsp": [997.2083578077037, 9.329470340487543, 1.1586914793822376]}, "datetime": {"datetime": "2025-07-28 15:53:31", "elapsed": 164.99808716773987, "delta": 27.109464168548584}}
{"target": -10845.4887832605, "params": {"k_pid_pos": [0.7542853455823514, 0.025420101324968445, 0.5613210698497393], "k_pid_alt": [0.5157145928433671, 0.049380065840842716, 0.23918937228235748], "k_pid_att": [44.73052358283274, 5227.805560990559, 3.5662242228701877], "k_pid_yaw": [0.5, 1e-06, 0.1], "k_pid_hsp": [3.150416250952503, 0.8550826091760809, 0.07607874407664113], "k_pid_vsp": [1824.3763004595767, 3.2367437019077068, 7.709672028578431]}, "datetime": {"datetime": "2025-07-28 15:54:00", "elapsed": 193.3361086845398, "delta": 28.338021516799927}}
{"target": -4890.095772477296, "params": {"k_pid_pos": [0.9462794992449889, 0.8081205714440374, 0.2288752856750733], "k_pid_alt": [0.9357302950938589, 0.028975855539923892, 0.4985852090055207], "k_pid_att": [56.35520934448846, 1613.0516512527902, 2.051915204795226], "k_pid_yaw": [0.5, 1e-06, 0.1], "k_pid_hsp": [1.8738348882714981, 1.8593953749874939, 0.07555535830316633], "k_pid_vsp": [1124.7502596397364, 19.002113061908947, 0.7698000213080202]}, "datetime": {"datetime": "2025-07-28 15:54:27", "elapsed": 221.02247953414917, "delta": 27.686370849609375}}
{"target": -11085.67384424849, "params": {"k_pid_pos": [0.668807585701814, 0.0069531235790601725, 0.11014091933522399], "k_pid_alt": [0.7087055015743895, 0.04271135175483701, 1.6148805028879698], "k_pid_att": [15.936492827715753, 8180.329644459009, 4.480456603526166], "k_pid_yaw": [0.5, 1e-06, 0.1], "k_pid_hsp": [1.2074550196634912, 1.7214613057821035, 0.03180102949371142], "k_pid_vsp": [1891.5284374337864, 15.322419566579669, 2.2793523974842547]}, "datetime": {"datetime": "2025-07-28 15:54:55", "elapsed": 248.9791362285614, "delta": 27.95665669441223}}
{"target": -9733.119273167882, "params": {"k_pid_pos": [0.5257393756249946, 0.3008790089384598, 0.36369323941905607], "k_pid_alt": [0.5184434736772664, 0.09624476704691619, 0.6464065408385785], "k_pid_att": [42.86472121160283, 2518.571175957816, 2.5939535899262087], "k_pid_yaw": [0.5, 1e-06, 0.1], "k_pid_hsp": [5.031763442056326, 0.9944975145362651, 0.07030219287055889], "k_pid_vsp": [629.4282820495617, 8.545215546483533, 9.717820855427524]}, "datetime": {"datetime": "2025-07-28 15:55:23", "elapsed": 276.7491865158081, "delta": 27.770050287246704}}
{"target": -5031.416520949741, "params": {"k_pid_pos": [0.7678873420373793, 0.23763830635485567, 0.4895038150015352], "k_pid_alt": [0.6838915663596266, 0.024206285095878532, 1.8165318636674215], "k_pid_att": [44.44525522625377, 6721.68333851138, 1.1978102137729714], "k_pid_yaw": [0.5, 1e-06, 0.1], "k_pid_hsp": [6.338961810501338, 1.5232394690378197, 0.014490342314250218], "k_pid_vsp": [271.5505631033758, 21.84649073013944, 9.856504555455553]}, "datetime": {"datetime": "2025-07-28 15:55:51", "elapsed": 304.89294385910034, "delta": 28.143757343292236}}
{"target": -309.7154353274241, "params": {"k_pid_pos": [0.9683649943683672, 0.22649654870216276, 0.040871064040608446], "k_pid_alt": [0.5871832145024958, 0.06775675861986641, 1.6706051558759802], "k_pid_att": [48.520172798121386, 166.86170144963367, 1.6039010040786141], "k_pid_yaw": [0.5, 1e-06, 0.1], "k_pid_hsp": [3.8734861095423687, 1.0241866045055037, 0.018652664521475026], "k_pid_vsp": [361.2897938773872, 19.355184067110706, 5.908929840989476]}, "datetime": {"datetime": "2025-07-28 15:56:05", "elapsed": 318.837443113327, "delta": 13.944499254226685}}
{"target": -7202.536942699541, "params": {"k_pid_pos": [0.816550728636634, 0.5296510487054281, 0.8773516194456429], "k_pid_alt": [0.5465513839029497, 0.06599874461937187, 0.682133361034166], "k_pid_att": [62.85649517775621, 8172.404779811957, 0.5673684927294241], "k_pid_yaw": [0.5, 1e-06, 0.1], "k_pid_hsp": [9.00517639106167, 1.110402067998113, 0.09246943713423801], "k_pid_vsp": [744.1566029925312, 7.255569485161259, 2.5794170192099286]}, "datetime": {"datetime": "2025-07-28 15:56:33", "elapsed": 346.42123007774353, "delta": 27.583786964416504}}
{"target": -5768.540003577591, "params": {"k_pid_pos": [0.5025307919231093, 0.8985542899728908, 0.8870977156226908], "k_pid_alt": [0.5045985258083148, 0.06420352258378263, 0.6984198000157472], "k_pid_att": [7.5522722291892315, 842.3155099854932, 3.629778668395518], "k_pid_yaw": [0.5, 1e-06, 0.1], "k_pid_hsp": [6.6383826733894775, 0.32325826656051343, 0.08971112888499776], "k_pid_vsp": [405.53529769324746, 18.192872183358638, 7.798755678700694]}, "datetime": {"datetime": "2025-07-28 15:57:00", "elapsed": 373.61627101898193, "delta": 27.195040941238403}}
{"target": -11342.535200347056, "params": {"k_pid_pos": [0.6838579015297168, 0.6496332494143157, 0.2243468825296137], "k_pid_alt": [0.8288064461501716, 0.023725671500592512, 1.0974680299993829], "k_pid_att": [39.99744793181528, 3254.671581894518, 3.4594762965682686], "k_pid_yaw": [0.5, 1e-06, 0.1], "k_pid_hsp": [0.9458109306026439, 1.492983063744643, 0.06519647398900055], "k_pid_vsp": [603.8844985952783, 25.476702465601928, 7.121792501296138]}, "datetime": {"datetime": "2025-07-28 15:57:27", "elapsed": 400.43047881126404, "delta": 26.814207792282104}}
{"target": -5731.361621544096, "params": {"k_pid_pos": [0.822736147953584, 0.49251820130117, 0.8920573505215956], "k_pid_alt": [0.8612260576307527, 0.07948133554286131, 0.48798004276852375], "k_pid_att": [20.01367918963948, 5026.868293958816, 4.865052800751673], "k_pid_yaw": [0.5, 1e-06, 0.1], "k_pid_hsp": [0.25291650465022386, 1.1538081923488335, 0.039310379368951376], "k_pid_vsp": [436.510290873393, 5.857290438698347, 6.311386628834003]}, "datetime": {"datetime": "2025-07-28 15:57:54", "elapsed": 427.36093640327454, "delta": 26.930457592010498}}
{"target": -5537.491497726653, "params": {"k_pid_pos": [0.6584610025781388, 0.9636200134692757, 0.37022168438541886], "k_pid_alt": [0.6472244460347929, 0.09283192794020996, 1.8809172282472442], "k_pid_att": [27.264292137833806, 4282.413299024826, 4.76964293108436], "k_pid_yaw": [0.5, 1e-06, 0.1], "k_pid_hsp": [8.512855348453401, 1.9333096714325202, 0.09148652415765464], "k_pid_vsp": [422.03621870357574, 25.590283811011346, 0.15456714983205777]}, "datetime": {"datetime": "2025-07-28 15:58:21", "elapsed": 454.3897759914398, "delta": 27.028839588165283}}
{"target": -14778.270335801444, "params": {"k_pid_pos": [0.6797455756098776, 0.5183301340340843, 0.570104163972356], "k_pid_alt": [0.8703843088771022, 0.06150110766269028, 1.1136029681154378], "k_pid_att": [48.94259399917112, 9900.548447192528, 4.680773934649131], "k_pid_yaw": [0.5, 1e-06, 0.1], "k_pid_hsp": [7.027815999031222, 0.2801688903890328, 0.06960328363770063], "k_pid_vsp": [657.8245041025374, 26.321192280465592, 0.9717658405311916]}, "datetime": {"datetime": "2025-07-28 15:58:48", "elapsed": 482.0740258693695, "delta": 27.684249877929688}}
